mode: set
github.com/MaxFando/application-design/internal/core/hotel/entity/room.go:10.57,12.23 2 0
github.com/MaxFando/application-design/internal/core/hotel/entity/room.go:12.23,14.3 1 0
github.com/MaxFando/application-design/internal/core/hotel/entity/room.go:16.2,16.33 1 0
github.com/MaxFando/application-design/internal/core/hotel/entity/room.go:10.57,12.23 2 0
github.com/MaxFando/application-design/internal/core/hotel/entity/room.go:12.23,14.3 1 0
github.com/MaxFando/application-design/internal/core/hotel/entity/room.go:16.2,16.33 1 0
github.com/MaxFando/application-design/internal/core/hotel/service/availability_service.go:16.85,20.2 1 0
github.com/MaxFando/application-design/internal/core/hotel/service/availability_service.go:22.131,30.33 4 0
github.com/MaxFando/application-design/internal/core/hotel/service/availability_service.go:30.33,32.3 1 0
github.com/MaxFando/application-design/internal/core/hotel/service/availability_service.go:34.2,35.16 2 0
github.com/MaxFando/application-design/internal/core/hotel/service/availability_service.go:35.16,37.3 1 0
github.com/MaxFando/application-design/internal/core/hotel/service/availability_service.go:39.2,39.39 1 0
github.com/MaxFando/application-design/internal/core/hotel/service/availability_service.go:39.39,40.49 1 0
github.com/MaxFando/application-design/internal/core/hotel/service/availability_service.go:40.49,41.69 1 0
github.com/MaxFando/application-design/internal/core/hotel/service/availability_service.go:41.69,42.13 1 0
github.com/MaxFando/application-design/internal/core/hotel/service/availability_service.go:45.4,47.23 3 0
github.com/MaxFando/application-design/internal/core/hotel/service/availability_service.go:47.23,49.5 1 0
github.com/MaxFando/application-design/internal/core/hotel/service/availability_service.go:50.4,50.38 1 0
github.com/MaxFando/application-design/internal/core/hotel/service/availability_service.go:54.2,54.29 1 0
github.com/MaxFando/application-design/internal/core/hotel/service/mock_service_ports.go:32.125,36.2 3 0
github.com/MaxFando/application-design/internal/core/hotel/service/mock_service_ports.go:39.123,41.2 1 0
github.com/MaxFando/application-design/internal/core/hotel/service/mock_service_ports.go:55.123,59.2 3 0
github.com/MaxFando/application-design/internal/core/hotel/service/mock_service_ports.go:62.121,64.2 1 0
github.com/MaxFando/application-design/internal/core/hotel/service/mock_service_ports.go:67.145,72.2 4 0
github.com/MaxFando/application-design/internal/core/hotel/service/mock_service_ports.go:75.127,78.2 2 0
github.com/MaxFando/application-design/internal/core/hotel/service/mock_service_ports.go:92.89,96.2 3 0
github.com/MaxFando/application-design/internal/core/hotel/service/mock_service_ports.go:99.87,101.2 1 0
github.com/MaxFando/application-design/internal/core/hotel/service/mock_service_ports.go:104.110,110.2 5 0
github.com/MaxFando/application-design/internal/core/hotel/service/mock_service_ports.go:113.89,116.2 2 0
github.com/MaxFando/application-design/internal/core/hotel/service/mock_service_ports.go:119.131,124.2 4 0
github.com/MaxFando/application-design/internal/core/hotel/service/mock_service_ports.go:127.111,130.2 2 0
github.com/MaxFando/application-design/internal/core/hotel/usecase/availability_usecase.go:24.88,26.2 1 0
github.com/MaxFando/application-design/internal/core/hotel/usecase/availability_usecase.go:28.97,30.16 2 0
github.com/MaxFando/application-design/internal/core/hotel/usecase/availability_usecase.go:30.16,32.3 1 0
github.com/MaxFando/application-design/internal/core/hotel/usecase/availability_usecase.go:34.2,34.31 1 0
github.com/MaxFando/application-design/internal/core/hotel/usecase/availability_usecase.go:34.31,36.3 1 0
github.com/MaxFando/application-design/internal/core/hotel/usecase/availability_usecase.go:38.2,38.18 1 0
github.com/MaxFando/application-design/internal/core/hotel/usecase/mock_service.go:33.101,37.2 3 0
github.com/MaxFando/application-design/internal/core/hotel/usecase/mock_service.go:40.99,42.2 1 0
github.com/MaxFando/application-design/internal/core/hotel/usecase/mock_service.go:45.144,51.2 5 0
github.com/MaxFando/application-design/internal/core/hotel/usecase/mock_service.go:54.114,57.2 2 0
github.com/MaxFando/application-design/internal/core/order/service/mock_ports.go:32.65,36.2 3 1
github.com/MaxFando/application-design/internal/core/order/service/mock_ports.go:39.63,41.2 1 1
github.com/MaxFando/application-design/internal/core/order/service/mock_ports.go:44.85,49.2 4 1
github.com/MaxFando/application-design/internal/core/order/service/mock_ports.go:52.80,55.2 2 1
github.com/MaxFando/application-design/internal/core/order/service/service.go:13.49,17.2 1 1
github.com/MaxFando/application-design/internal/core/order/service/service.go:19.78,21.2 1 1
github.com/MaxFando/application-design/internal/core/order/usecase/mock_service.go:33.59,37.2 3 0
github.com/MaxFando/application-design/internal/core/order/usecase/mock_service.go:40.57,42.2 1 0
github.com/MaxFando/application-design/internal/core/order/usecase/mock_service.go:45.82,50.2 4 0
github.com/MaxFando/application-design/internal/core/order/usecase/mock_service.go:53.77,56.2 2 0
github.com/MaxFando/application-design/internal/core/order/usecase/mock_service.go:70.83,74.2 3 0
github.com/MaxFando/application-design/internal/core/order/usecase/mock_service.go:77.81,79.2 1 0
github.com/MaxFando/application-design/internal/core/order/usecase/mock_service.go:82.100,88.2 5 0
github.com/MaxFando/application-design/internal/core/order/usecase/mock_service.go:91.88,94.2 2 0
github.com/MaxFando/application-design/internal/core/order/usecase/usecase.go:34.77,39.2 1 0
github.com/MaxFando/application-design/internal/core/order/usecase/usecase.go:41.82,44.16 3 0
github.com/MaxFando/application-design/internal/core/order/usecase/usecase.go:44.16,45.55 1 0
github.com/MaxFando/application-design/internal/core/order/usecase/usecase.go:45.55,47.4 1 0
github.com/MaxFando/application-design/internal/core/order/usecase/usecase.go:49.3,49.13 1 0
github.com/MaxFando/application-design/internal/core/order/usecase/usecase.go:52.2,53.16 2 0
github.com/MaxFando/application-design/internal/core/order/usecase/usecase.go:53.16,55.3 1 0
github.com/MaxFando/application-design/internal/core/order/usecase/usecase.go:57.2,58.12 2 0
github.com/MaxFando/application-design/internal/core/hotel/entity/room.go:10.57,12.23 2 1
github.com/MaxFando/application-design/internal/core/hotel/entity/room.go:12.23,14.3 1 1
github.com/MaxFando/application-design/internal/core/hotel/entity/room.go:16.2,16.33 1 1
github.com/MaxFando/application-design/internal/core/hotel/service/availability_service.go:16.85,20.2 1 0
github.com/MaxFando/application-design/internal/core/hotel/service/availability_service.go:22.131,30.33 4 0
github.com/MaxFando/application-design/internal/core/hotel/service/availability_service.go:30.33,32.3 1 0
github.com/MaxFando/application-design/internal/core/hotel/service/availability_service.go:34.2,35.16 2 0
github.com/MaxFando/application-design/internal/core/hotel/service/availability_service.go:35.16,37.3 1 0
github.com/MaxFando/application-design/internal/core/hotel/service/availability_service.go:39.2,39.39 1 0
github.com/MaxFando/application-design/internal/core/hotel/service/availability_service.go:39.39,40.49 1 0
github.com/MaxFando/application-design/internal/core/hotel/service/availability_service.go:40.49,41.69 1 0
github.com/MaxFando/application-design/internal/core/hotel/service/availability_service.go:41.69,42.13 1 0
github.com/MaxFando/application-design/internal/core/hotel/service/availability_service.go:45.4,47.23 3 0
github.com/MaxFando/application-design/internal/core/hotel/service/availability_service.go:47.23,49.5 1 0
github.com/MaxFando/application-design/internal/core/hotel/service/availability_service.go:50.4,50.38 1 0
github.com/MaxFando/application-design/internal/core/hotel/service/availability_service.go:54.2,54.29 1 0
github.com/MaxFando/application-design/internal/core/hotel/service/mock_service_ports.go:32.125,36.2 3 0
github.com/MaxFando/application-design/internal/core/hotel/service/mock_service_ports.go:39.123,41.2 1 0
github.com/MaxFando/application-design/internal/core/hotel/service/mock_service_ports.go:55.123,59.2 3 0
github.com/MaxFando/application-design/internal/core/hotel/service/mock_service_ports.go:62.121,64.2 1 0
github.com/MaxFando/application-design/internal/core/hotel/service/mock_service_ports.go:67.145,72.2 4 0
github.com/MaxFando/application-design/internal/core/hotel/service/mock_service_ports.go:75.127,78.2 2 0
github.com/MaxFando/application-design/internal/core/hotel/service/mock_service_ports.go:92.89,96.2 3 0
github.com/MaxFando/application-design/internal/core/hotel/service/mock_service_ports.go:99.87,101.2 1 0
github.com/MaxFando/application-design/internal/core/hotel/service/mock_service_ports.go:104.110,110.2 5 0
github.com/MaxFando/application-design/internal/core/hotel/service/mock_service_ports.go:113.89,116.2 2 0
github.com/MaxFando/application-design/internal/core/hotel/service/mock_service_ports.go:119.131,124.2 4 0
github.com/MaxFando/application-design/internal/core/hotel/service/mock_service_ports.go:127.111,130.2 2 0
github.com/MaxFando/application-design/internal/core/hotel/usecase/availability_usecase.go:24.88,26.2 1 1
github.com/MaxFando/application-design/internal/core/hotel/usecase/availability_usecase.go:28.97,30.16 2 1
github.com/MaxFando/application-design/internal/core/hotel/usecase/availability_usecase.go:30.16,32.3 1 1
github.com/MaxFando/application-design/internal/core/hotel/usecase/availability_usecase.go:34.2,34.31 1 1
github.com/MaxFando/application-design/internal/core/hotel/usecase/availability_usecase.go:34.31,36.3 1 1
github.com/MaxFando/application-design/internal/core/hotel/usecase/availability_usecase.go:38.2,38.18 1 1
github.com/MaxFando/application-design/internal/core/hotel/usecase/mock_service.go:33.101,37.2 3 1
github.com/MaxFando/application-design/internal/core/hotel/usecase/mock_service.go:40.99,42.2 1 1
github.com/MaxFando/application-design/internal/core/hotel/usecase/mock_service.go:45.144,51.2 5 1
github.com/MaxFando/application-design/internal/core/hotel/usecase/mock_service.go:54.114,57.2 2 1
github.com/MaxFando/application-design/internal/core/order/service/mock_ports.go:32.65,36.2 3 0
github.com/MaxFando/application-design/internal/core/order/service/mock_ports.go:39.63,41.2 1 0
github.com/MaxFando/application-design/internal/core/order/service/mock_ports.go:44.85,49.2 4 0
github.com/MaxFando/application-design/internal/core/order/service/mock_ports.go:52.80,55.2 2 0
github.com/MaxFando/application-design/internal/core/order/service/service.go:13.49,17.2 1 0
github.com/MaxFando/application-design/internal/core/order/service/service.go:19.78,21.2 1 0
github.com/MaxFando/application-design/internal/core/order/usecase/mock_service.go:33.59,37.2 3 0
github.com/MaxFando/application-design/internal/core/order/usecase/mock_service.go:40.57,42.2 1 0
github.com/MaxFando/application-design/internal/core/order/usecase/mock_service.go:45.82,50.2 4 0
github.com/MaxFando/application-design/internal/core/order/usecase/mock_service.go:53.77,56.2 2 0
github.com/MaxFando/application-design/internal/core/order/usecase/mock_service.go:70.83,74.2 3 0
github.com/MaxFando/application-design/internal/core/order/usecase/mock_service.go:77.81,79.2 1 0
github.com/MaxFando/application-design/internal/core/order/usecase/mock_service.go:82.100,88.2 5 0
github.com/MaxFando/application-design/internal/core/order/usecase/mock_service.go:91.88,94.2 2 0
github.com/MaxFando/application-design/internal/core/order/usecase/usecase.go:34.77,39.2 1 0
github.com/MaxFando/application-design/internal/core/order/usecase/usecase.go:41.82,44.16 3 0
github.com/MaxFando/application-design/internal/core/order/usecase/usecase.go:44.16,45.55 1 0
github.com/MaxFando/application-design/internal/core/order/usecase/usecase.go:45.55,47.4 1 0
github.com/MaxFando/application-design/internal/core/order/usecase/usecase.go:49.3,49.13 1 0
github.com/MaxFando/application-design/internal/core/order/usecase/usecase.go:52.2,53.16 2 0
github.com/MaxFando/application-design/internal/core/order/usecase/usecase.go:53.16,55.3 1 0
github.com/MaxFando/application-design/internal/core/order/usecase/usecase.go:57.2,58.12 2 0
github.com/MaxFando/application-design/internal/core/hotel/entity/room.go:10.57,12.23 2 0
github.com/MaxFando/application-design/internal/core/hotel/entity/room.go:12.23,14.3 1 0
github.com/MaxFando/application-design/internal/core/hotel/entity/room.go:16.2,16.33 1 0
github.com/MaxFando/application-design/internal/core/hotel/service/availability_service.go:16.85,20.2 1 1
github.com/MaxFando/application-design/internal/core/hotel/service/availability_service.go:22.131,30.33 4 1
github.com/MaxFando/application-design/internal/core/hotel/service/availability_service.go:30.33,32.3 1 1
github.com/MaxFando/application-design/internal/core/hotel/service/availability_service.go:34.2,35.16 2 1
github.com/MaxFando/application-design/internal/core/hotel/service/availability_service.go:35.16,37.3 1 1
github.com/MaxFando/application-design/internal/core/hotel/service/availability_service.go:39.2,39.39 1 1
github.com/MaxFando/application-design/internal/core/hotel/service/availability_service.go:39.39,40.49 1 1
github.com/MaxFando/application-design/internal/core/hotel/service/availability_service.go:40.49,41.69 1 1
github.com/MaxFando/application-design/internal/core/hotel/service/availability_service.go:41.69,42.13 1 1
github.com/MaxFando/application-design/internal/core/hotel/service/availability_service.go:45.4,47.23 3 1
github.com/MaxFando/application-design/internal/core/hotel/service/availability_service.go:47.23,49.5 1 1
github.com/MaxFando/application-design/internal/core/hotel/service/availability_service.go:50.4,50.38 1 1
github.com/MaxFando/application-design/internal/core/hotel/service/availability_service.go:54.2,54.29 1 1
github.com/MaxFando/application-design/internal/core/hotel/service/mock_service_ports.go:32.125,36.2 3 0
github.com/MaxFando/application-design/internal/core/hotel/service/mock_service_ports.go:39.123,41.2 1 0
github.com/MaxFando/application-design/internal/core/hotel/service/mock_service_ports.go:55.123,59.2 3 0
github.com/MaxFando/application-design/internal/core/hotel/service/mock_service_ports.go:62.121,64.2 1 0
github.com/MaxFando/application-design/internal/core/hotel/service/mock_service_ports.go:67.145,72.2 4 0
github.com/MaxFando/application-design/internal/core/hotel/service/mock_service_ports.go:75.127,78.2 2 0
github.com/MaxFando/application-design/internal/core/hotel/service/mock_service_ports.go:92.89,96.2 3 1
github.com/MaxFando/application-design/internal/core/hotel/service/mock_service_ports.go:99.87,101.2 1 1
github.com/MaxFando/application-design/internal/core/hotel/service/mock_service_ports.go:104.110,110.2 5 1
github.com/MaxFando/application-design/internal/core/hotel/service/mock_service_ports.go:113.89,116.2 2 1
github.com/MaxFando/application-design/internal/core/hotel/service/mock_service_ports.go:119.131,124.2 4 1
github.com/MaxFando/application-design/internal/core/hotel/service/mock_service_ports.go:127.111,130.2 2 1
github.com/MaxFando/application-design/internal/core/hotel/usecase/availability_usecase.go:24.88,26.2 1 0
github.com/MaxFando/application-design/internal/core/hotel/usecase/availability_usecase.go:28.97,30.16 2 0
github.com/MaxFando/application-design/internal/core/hotel/usecase/availability_usecase.go:30.16,32.3 1 0
github.com/MaxFando/application-design/internal/core/hotel/usecase/availability_usecase.go:34.2,34.31 1 0
github.com/MaxFando/application-design/internal/core/hotel/usecase/availability_usecase.go:34.31,36.3 1 0
github.com/MaxFando/application-design/internal/core/hotel/usecase/availability_usecase.go:38.2,38.18 1 0
github.com/MaxFando/application-design/internal/core/hotel/usecase/mock_service.go:33.101,37.2 3 0
github.com/MaxFando/application-design/internal/core/hotel/usecase/mock_service.go:40.99,42.2 1 0
github.com/MaxFando/application-design/internal/core/hotel/usecase/mock_service.go:45.144,51.2 5 0
github.com/MaxFando/application-design/internal/core/hotel/usecase/mock_service.go:54.114,57.2 2 0
github.com/MaxFando/application-design/internal/core/order/service/mock_ports.go:32.65,36.2 3 0
github.com/MaxFando/application-design/internal/core/order/service/mock_ports.go:39.63,41.2 1 0
github.com/MaxFando/application-design/internal/core/order/service/mock_ports.go:44.85,49.2 4 0
github.com/MaxFando/application-design/internal/core/order/service/mock_ports.go:52.80,55.2 2 0
github.com/MaxFando/application-design/internal/core/order/service/service.go:13.49,17.2 1 0
github.com/MaxFando/application-design/internal/core/order/service/service.go:19.78,21.2 1 0
github.com/MaxFando/application-design/internal/core/order/usecase/mock_service.go:33.59,37.2 3 0
github.com/MaxFando/application-design/internal/core/order/usecase/mock_service.go:40.57,42.2 1 0
github.com/MaxFando/application-design/internal/core/order/usecase/mock_service.go:45.82,50.2 4 0
github.com/MaxFando/application-design/internal/core/order/usecase/mock_service.go:53.77,56.2 2 0
github.com/MaxFando/application-design/internal/core/order/usecase/mock_service.go:70.83,74.2 3 0
github.com/MaxFando/application-design/internal/core/order/usecase/mock_service.go:77.81,79.2 1 0
github.com/MaxFando/application-design/internal/core/order/usecase/mock_service.go:82.100,88.2 5 0
github.com/MaxFando/application-design/internal/core/order/usecase/mock_service.go:91.88,94.2 2 0
github.com/MaxFando/application-design/internal/core/order/usecase/usecase.go:34.77,39.2 1 0
github.com/MaxFando/application-design/internal/core/order/usecase/usecase.go:41.82,44.16 3 0
github.com/MaxFando/application-design/internal/core/order/usecase/usecase.go:44.16,45.55 1 0
github.com/MaxFando/application-design/internal/core/order/usecase/usecase.go:45.55,47.4 1 0
github.com/MaxFando/application-design/internal/core/order/usecase/usecase.go:49.3,49.13 1 0
github.com/MaxFando/application-design/internal/core/order/usecase/usecase.go:52.2,53.16 2 0
github.com/MaxFando/application-design/internal/core/order/usecase/usecase.go:53.16,55.3 1 0
github.com/MaxFando/application-design/internal/core/order/usecase/usecase.go:57.2,58.12 2 0
github.com/MaxFando/application-design/internal/core/hotel/entity/room.go:10.57,12.23 2 0
github.com/MaxFando/application-design/internal/core/hotel/entity/room.go:12.23,14.3 1 0
github.com/MaxFando/application-design/internal/core/hotel/entity/room.go:16.2,16.33 1 0
github.com/MaxFando/application-design/internal/core/hotel/service/availability_service.go:16.85,20.2 1 0
github.com/MaxFando/application-design/internal/core/hotel/service/availability_service.go:22.131,30.33 4 0
github.com/MaxFando/application-design/internal/core/hotel/service/availability_service.go:30.33,32.3 1 0
github.com/MaxFando/application-design/internal/core/hotel/service/availability_service.go:34.2,35.16 2 0
github.com/MaxFando/application-design/internal/core/hotel/service/availability_service.go:35.16,37.3 1 0
github.com/MaxFando/application-design/internal/core/hotel/service/availability_service.go:39.2,39.39 1 0
github.com/MaxFando/application-design/internal/core/hotel/service/availability_service.go:39.39,40.49 1 0
github.com/MaxFando/application-design/internal/core/hotel/service/availability_service.go:40.49,41.69 1 0
github.com/MaxFando/application-design/internal/core/hotel/service/availability_service.go:41.69,42.13 1 0
github.com/MaxFando/application-design/internal/core/hotel/service/availability_service.go:45.4,47.23 3 0
github.com/MaxFando/application-design/internal/core/hotel/service/availability_service.go:47.23,49.5 1 0
github.com/MaxFando/application-design/internal/core/hotel/service/availability_service.go:50.4,50.38 1 0
github.com/MaxFando/application-design/internal/core/hotel/service/availability_service.go:54.2,54.29 1 0
github.com/MaxFando/application-design/internal/core/hotel/service/mock_service_ports.go:32.125,36.2 3 0
github.com/MaxFando/application-design/internal/core/hotel/service/mock_service_ports.go:39.123,41.2 1 0
github.com/MaxFando/application-design/internal/core/hotel/service/mock_service_ports.go:55.123,59.2 3 0
github.com/MaxFando/application-design/internal/core/hotel/service/mock_service_ports.go:62.121,64.2 1 0
github.com/MaxFando/application-design/internal/core/hotel/service/mock_service_ports.go:67.145,72.2 4 0
github.com/MaxFando/application-design/internal/core/hotel/service/mock_service_ports.go:75.127,78.2 2 0
github.com/MaxFando/application-design/internal/core/hotel/service/mock_service_ports.go:92.89,96.2 3 0
github.com/MaxFando/application-design/internal/core/hotel/service/mock_service_ports.go:99.87,101.2 1 0
github.com/MaxFando/application-design/internal/core/hotel/service/mock_service_ports.go:104.110,110.2 5 0
github.com/MaxFando/application-design/internal/core/hotel/service/mock_service_ports.go:113.89,116.2 2 0
github.com/MaxFando/application-design/internal/core/hotel/service/mock_service_ports.go:119.131,124.2 4 0
github.com/MaxFando/application-design/internal/core/hotel/service/mock_service_ports.go:127.111,130.2 2 0
github.com/MaxFando/application-design/internal/core/hotel/usecase/availability_usecase.go:24.88,26.2 1 0
github.com/MaxFando/application-design/internal/core/hotel/usecase/availability_usecase.go:28.97,30.16 2 0
github.com/MaxFando/application-design/internal/core/hotel/usecase/availability_usecase.go:30.16,32.3 1 0
github.com/MaxFando/application-design/internal/core/hotel/usecase/availability_usecase.go:34.2,34.31 1 0
github.com/MaxFando/application-design/internal/core/hotel/usecase/availability_usecase.go:34.31,36.3 1 0
github.com/MaxFando/application-design/internal/core/hotel/usecase/availability_usecase.go:38.2,38.18 1 0
github.com/MaxFando/application-design/internal/core/hotel/usecase/mock_service.go:33.101,37.2 3 0
github.com/MaxFando/application-design/internal/core/hotel/usecase/mock_service.go:40.99,42.2 1 0
github.com/MaxFando/application-design/internal/core/hotel/usecase/mock_service.go:45.144,51.2 5 0
github.com/MaxFando/application-design/internal/core/hotel/usecase/mock_service.go:54.114,57.2 2 0
github.com/MaxFando/application-design/internal/core/order/service/mock_ports.go:32.65,36.2 3 0
github.com/MaxFando/application-design/internal/core/order/service/mock_ports.go:39.63,41.2 1 0
github.com/MaxFando/application-design/internal/core/order/service/mock_ports.go:44.85,49.2 4 0
github.com/MaxFando/application-design/internal/core/order/service/mock_ports.go:52.80,55.2 2 0
github.com/MaxFando/application-design/internal/core/order/service/service.go:13.49,17.2 1 0
github.com/MaxFando/application-design/internal/core/order/service/service.go:19.78,21.2 1 0
github.com/MaxFando/application-design/internal/core/order/usecase/mock_service.go:33.59,37.2 3 1
github.com/MaxFando/application-design/internal/core/order/usecase/mock_service.go:40.57,42.2 1 1
github.com/MaxFando/application-design/internal/core/order/usecase/mock_service.go:45.82,50.2 4 1
github.com/MaxFando/application-design/internal/core/order/usecase/mock_service.go:53.77,56.2 2 1
github.com/MaxFando/application-design/internal/core/order/usecase/mock_service.go:70.83,74.2 3 1
github.com/MaxFando/application-design/internal/core/order/usecase/mock_service.go:77.81,79.2 1 1
github.com/MaxFando/application-design/internal/core/order/usecase/mock_service.go:82.100,88.2 5 1
github.com/MaxFando/application-design/internal/core/order/usecase/mock_service.go:91.88,94.2 2 1
github.com/MaxFando/application-design/internal/core/order/usecase/usecase.go:34.77,39.2 1 1
github.com/MaxFando/application-design/internal/core/order/usecase/usecase.go:41.82,44.16 3 1
github.com/MaxFando/application-design/internal/core/order/usecase/usecase.go:44.16,45.55 1 1
github.com/MaxFando/application-design/internal/core/order/usecase/usecase.go:45.55,47.4 1 0
github.com/MaxFando/application-design/internal/core/order/usecase/usecase.go:49.3,49.13 1 1
github.com/MaxFando/application-design/internal/core/order/usecase/usecase.go:52.2,53.16 2 1
github.com/MaxFando/application-design/internal/core/order/usecase/usecase.go:53.16,55.3 1 1
github.com/MaxFando/application-design/internal/core/order/usecase/usecase.go:57.2,58.12 2 1
